<?xml version="1.0" encoding="UTF-8"?>
<testsuite name="mancala.BoardTest" tests="1" skipped="0" failures="0" errors="0" timestamp="2023-11-19T07:23:05" hostname="CIS2430" time="0.018">
  <properties/>
  <testcase name="testBoardMethodsExist()" classname="mancala.BoardTest" time="0.018"/>
  <system-out><![CDATA[]]></system-out>
  <system-err><![CDATA[]]></system-err>
</testsuite>
