<?xml version="1.0" encoding="UTF-8"?>
<testsuite name="mancala.MancalaGameTest" tests="9" skipped="0" failures="0" errors="0" timestamp="2023-11-19T07:23:05" hostname="CIS2430" time="0.017">
  <properties/>
  <testcase name="testGetNumStones()" classname="mancala.MancalaGameTest" time="0.003"/>
  <testcase name="testSetCurrentPlayer()" classname="mancala.MancalaGameTest" time="0.004"/>
  <testcase name="testGetStoreCount()" classname="mancala.MancalaGameTest" time="0.0"/>
  <testcase name="testMove()" classname="mancala.MancalaGameTest" time="0.0"/>
  <testcase name="testToString()" classname="mancala.MancalaGameTest" time="0.003"/>
  <testcase name="testSetAndGetBoard()" classname="mancala.MancalaGameTest" time="0.001"/>
  <testcase name="testIsGameOver()" classname="mancala.MancalaGameTest" time="0.0"/>
  <testcase name="testGetWinner()" classname="mancala.MancalaGameTest" time="0.001"/>
  <testcase name="testSetPlayers()" classname="mancala.MancalaGameTest" time="0.0"/>
  <system-out><![CDATA[]]></system-out>
  <system-err><![CDATA[]]></system-err>
</testsuite>
